{
  "RSpec": {
    "coverage": {
      "/home/lisa/Projects/CoEditPDF-api/specs/test_load_all.rb": [
        null,
        null,
        null,
        1,
        1,
        null,
        1,
        1,
        null,
        1,
        36,
        null
      ],
      "/home/lisa/Projects/CoEditPDF-api/require_app.rb": [
        null,
        null,
        null,
        null,
        null,
        null,
        null,
        null,
        null,
        1,
        8,
        2,
        2,
        40,
        null,
        null
      ],
      "/home/lisa/Projects/CoEditPDF-api/config/environments.rb": [
        null,
        null,
        1,
        1,
        1,
        null,
        1,
        null,
        1,
        1,
        null,
        1,
        1,
        1,
        null,
        1,
        1,
        null,
        null,
        1,
        0,
        null,
        null,
        null,
        1,
        1,
        null,
        null,
        1,
        null,
        null,
        null,
        1,
        1,
        1,
        null,
        1,
        2,
        null,
        null,
        1,
        1,
        null,
        null,
        null
      ],
      "/home/lisa/Projects/CoEditPDF-api/app/lib/key_stretch.rb": [
        null,
        null,
        1,
        1,
        null,
        null,
        1,
        1,
        68,
        null,
        null,
        null,
        null,
        1,
        190,
        190,
        190,
        190,
        null,
        null,
        null,
        null,
        null,
        null,
        null,
        null
      ],
      "/home/lisa/Projects/CoEditPDF-api/app/lib/secure_db.rb": [
        null,
        null,
        1,
        1,
        null,
        null,
        1,
        1,
        1,
        null,
        null,
        1,
        92,
        null,
        92,
        92,
        null,
        null,
        null,
        1,
        57,
        null,
        52,
        52,
        null,
        null,
        1,
        100,
        null,
        null
      ],
      "/home/lisa/Projects/CoEditPDF-api/app/lib/securable.rb": [
        null,
        null,
        1,
        1,
        1,
        null,
        null,
        1,
        null,
        1,
        0,
        0,
        null,
        null,
        null,
        1,
        0,
        null,
        null,
        null,
        1,
        2,
        2,
        null,
        null,
        1,
        184,
        null,
        null,
        1,
        100,
        null,
        null,
        null,
        1,
        114,
        114,
        null,
        null,
        null,
        1,
        70,
        70,
        null,
        null,
        1,
        100,
        100,
        null,
        null
      ],
      "/home/lisa/Projects/CoEditPDF-api/app/lib/auth_scope.rb": [
        null,
        null,
        null,
        1,
        1,
        1,
        1,
        1,
        1,
        null,
        1,
        1,
        null,
        1,
        42,
        42,
        85,
        null,
        null,
        1,
        10,
        null,
        null,
        1,
        27,
        null,
        null,
        1,
        22,
        null,
        null,
        1,
        null,
        1,
        15,
        null,
        null,
        1,
        47,
        null,
        null,
        1,
        56,
        null,
        null,
        1,
        43,
        43,
        43,
        null,
        null
      ],
      "/home/lisa/Projects/CoEditPDF-api/app/lib/pdf_manipulation.rb": [
        null,
        null,
        1,
        null,
        null,
        1,
        1,
        0,
        0,
        0,
        0,
        null,
        null,
        1,
        0,
        0,
        0,
        0,
        0,
        null,
        0,
        null,
        null,
        1,
        0,
        0,
        0,
        null,
        null
      ],
      "/home/lisa/Projects/CoEditPDF-api/app/lib/auth_token.rb": [
        null,
        null,
        1,
        1,
        null,
        null,
        1,
        1,
        null,
        1,
        1,
        1,
        1,
        1,
        null,
        1,
        1,
        null,
        null,
        1,
        22,
        null,
        null,
        null,
        null,
        null,
        null,
        null,
        1,
        19,
        18,
        null,
        null,
        null,
        1,
        22,
        null,
        22,
        22,
        22,
        null,
        null,
        null,
        1,
        19,
        null,
        19,
        18,
        18,
        null,
        1,
        null,
        null,
        null,
        1,
        22,
        null,
        null,
        1,
        18,
        null,
        0,
        null,
        null
      ],
      "/home/lisa/Projects/CoEditPDF-api/app/lib/json_request_body.rb": [
        null,
        null,
        null,
        1,
        1,
        0,
        0,
        null,
        null
      ],
      "/home/lisa/Projects/CoEditPDF-api/app/lib/signed_request.rb": [
        null,
        null,
        1,
        1,
        null,
        null,
        1,
        1,
        null,
        1,
        13,
        13,
        null,
        null,
        1,
        0,
        0,
        null,
        0,
        null,
        null,
        null,
        1,
        7,
        7,
        null,
        null,
        null,
        1,
        6,
        6,
        null,
        6,
        null,
        6,
        null,
        null,
        1,
        null,
        1,
        7,
        6,
        6,
        null,
        1,
        null,
        null
      ],
      "/home/lisa/Projects/CoEditPDF-api/app/models/account.rb": [
        null,
        null,
        1,
        1,
        1,
        null,
        1,
        null,
        1,
        1,
        1,
        72,
        70,
        0,
        0,
        null,
        null,
        72,
        null,
        null,
        1,
        47,
        47,
        43,
        8,
        8,
        null,
        43,
        null,
        47,
        null,
        null,
        null,
        1,
        null,
        1,
        null,
        null,
        null,
        null,
        1,
        null,
        null,
        null,
        1,
        1,
        1,
        1,
        null,
        1,
        1,
        null,
        null,
        null,
        null,
        1,
        65,
        null,
        null,
        1,
        20,
        20,
        null,
        null,
        1,
        41,
        null,
        null,
        1,
        69,
        69,
        null,
        null,
        1,
        30,
        null,
        null,
        null,
        null,
        null,
        null,
        null,
        1,
        null,
        30,
        null,
        null,
        null,
        null,
        null,
        null
      ],
      "/home/lisa/Projects/CoEditPDF-api/app/models/password.rb": [
        null,
        null,
        1,
        1,
        null,
        1,
        null,
        1,
        1,
        null,
        1,
        90,
        90,
        null,
        null,
        1,
        22,
        22,
        null,
        null,
        1,
        68,
        null,
        null,
        null,
        null,
        1,
        null,
        1,
        68,
        68,
        68,
        null,
        null,
        1,
        22,
        22,
        22,
        22,
        null,
        null,
        null
      ],
      "/home/lisa/Projects/CoEditPDF-api/app/models/pdf.rb": [
        null,
        null,
        1,
        1,
        null,
        1,
        null,
        1,
        1,
        1,
        95,
        24,
        0,
        0,
        null,
        null,
        95,
        null,
        null,
        1,
        12,
        12,
        10,
        0,
        0,
        null,
        10,
        null,
        12,
        null,
        null,
        null,
        1,
        null,
        1,
        null,
        null,
        null,
        null,
        1,
        null,
        null,
        1,
        1,
        1,
        1,
        null,
        null,
        1,
        11,
        null,
        null,
        1,
        23,
        23,
        null,
        null,
        1,
        5,
        null,
        null,
        1,
        0,
        null,
        null,
        1,
        null,
        5,
        null,
        null,
        null,
        5,
        null,
        null,
        null,
        null,
        1,
        3,
        null,
        null,
        null,
        null,
        null,
        null,
        null,
        1,
        2,
        null,
        null,
        null
      ],
      "/home/lisa/Projects/CoEditPDF-api/app/policies/collaboration_request_policy.rb": [
        null,
        null,
        1,
        null,
        1,
        1,
        6,
        6,
        6,
        6,
        6,
        6,
        null,
        null,
        1,
        4,
        4,
        null,
        null,
        1,
        2,
        2,
        null,
        null,
        1,
        null,
        1,
        6,
        null,
        null,
        1,
        2,
        null,
        null,
        null
      ],
      "/home/lisa/Projects/CoEditPDF-api/app/policies/account_policy.rb": [
        null,
        null,
        null,
        1,
        1,
        1,
        1,
        null,
        null,
        1,
        1,
        null,
        null,
        1,
        0,
        null,
        null,
        1,
        0,
        null,
        null,
        1,
        null,
        0,
        null,
        null,
        null,
        null,
        null,
        1,
        null,
        1,
        1,
        null,
        null
      ],
      "/home/lisa/Projects/CoEditPDF-api/app/policies/pdf_policy.rb": [
        null,
        null,
        1,
        null,
        1,
        1,
        15,
        15,
        15,
        null,
        null,
        1,
        3,
        null,
        null,
        null,
        1,
        2,
        null,
        null,
        1,
        3,
        null,
        null,
        1,
        2,
        null,
        null,
        1,
        2,
        null,
        null,
        1,
        2,
        null,
        null,
        1,
        6,
        null,
        null,
        1,
        4,
        null,
        null,
        1,
        6,
        null,
        null,
        1,
        null,
        2,
        null,
        null,
        null,
        null,
        null,
        null,
        null,
        null,
        null,
        null,
        null,
        1,
        null,
        1,
        3,
        null,
        null,
        1,
        9,
        null,
        null,
        1,
        28,
        null,
        null,
        1,
        4,
        null,
        null,
        null
      ],
      "/home/lisa/Projects/CoEditPDF-api/app/policies/pdf_scope.rb": [
        null,
        null,
        1,
        null,
        1,
        null,
        1,
        1,
        1,
        1,
        1,
        1,
        null,
        null,
        1,
        1,
        1,
        null,
        0,
        0,
        null,
        null,
        null,
        null,
        1,
        null,
        1,
        1,
        1,
        null,
        null,
        null,
        null,
        null,
        1,
        0,
        null,
        null,
        null,
        null,
        null,
        null,
        1,
        null,
        null,
        null,
        null,
        null,
        null,
        1,
        2,
        2,
        null,
        null,
        null,
        1,
        0,
        null,
        null,
        null,
        null
      ],
      "/home/lisa/Projects/CoEditPDF-api/app/services/authorize_sso.rb": [
        null,
        null,
        1,
        null,
        1,
        null,
        1,
        1,
        2,
        null,
        null,
        1,
        2,
        2,
        null,
        2,
        null,
        null,
        1,
        2,
        null,
        null,
        null,
        null,
        2,
        null,
        2,
        2,
        null,
        null,
        1,
        2,
        null,
        null,
        null,
        1,
        null,
        2,
        null,
        null,
        null,
        null,
        null,
        null,
        null,
        null,
        1,
        1,
        2,
        null,
        null,
        1,
        2,
        null,
        null,
        1,
        2,
        null,
        null,
        null,
        null
      ],
      "/home/lisa/Projects/CoEditPDF-api/app/services/put_pdf.rb": [
        null,
        null,
        1,
        1,
        null,
        1,
        null,
        1,
        null,
        1,
        1,
        0,
        null,
        null,
        null,
        1,
        0,
        0,
        0,
        null,
        0,
        null,
        null,
        null,
        null,
        0,
        0,
        null,
        null,
        null
      ],
      "/home/lisa/Projects/CoEditPDF-api/app/services/authorize_account.rb": [
        null,
        null,
        1,
        null,
        1,
        null,
        1,
        1,
        0,
        null,
        null,
        null,
        1,
        1,
        1,
        null,
        1,
        null,
        1,
        null,
        null,
        1,
        null,
        1,
        null,
        null,
        null,
        null,
        null,
        null,
        null,
        null
      ],
      "/home/lisa/Projects/CoEditPDF-api/app/services/remove_collaborator.rb": [
        null,
        null,
        1,
        null,
        1,
        null,
        1,
        1,
        1,
        null,
        null,
        null,
        1,
        2,
        2,
        null,
        2,
        null,
        null,
        2,
        null,
        1,
        1,
        null,
        null,
        null
      ],
      "/home/lisa/Projects/CoEditPDF-api/app/services/create_pdf_for_account.rb": [
        null,
        null,
        1,
        null,
        1,
        null,
        1,
        1,
        0,
        null,
        null,
        null,
        1,
        5,
        null,
        5,
        null,
        null,
        null
      ],
      "/home/lisa/Projects/CoEditPDF-api/app/services/get_pdf_query.rb": [
        null,
        null,
        1,
        null,
        1,
        null,
        1,
        1,
        0,
        null,
        null,
        null,
        null,
        1,
        1,
        1,
        null,
        null,
        null,
        1,
        2,
        null,
        1,
        1,
        null,
        1,
        null,
        null,
        null
      ],
      "/home/lisa/Projects/CoEditPDF-api/app/services/verify_registration.rb": [
        null,
        null,
        1,
        null,
        1,
        null,
        1,
        null,
        1,
        null,
        1,
        0,
        0,
        null,
        null,
        1,
        0,
        0,
        null,
        0,
        null,
        null,
        1,
        0,
        null,
        null,
        1,
        0,
        null,
        null,
        1,
        0,
        null,
        null,
        null,
        null,
        null,
        null,
        0,
        0,
        null,
        null,
        null,
        1,
        null,
        0,
        null,
        null,
        null,
        null,
        null,
        null,
        1,
        0,
        null,
        null,
        1,
        0,
        null,
        null,
        1,
        0,
        null,
        null,
        1,
        0,
        null,
        0,
        null,
        null,
        null,
        null,
        null,
        null,
        null
      ],
      "/home/lisa/Projects/CoEditPDF-api/app/services/delete_pdf.rb": [
        null,
        null,
        1,
        null,
        1,
        null,
        1,
        1,
        0,
        null,
        null,
        null,
        1,
        1,
        1,
        null,
        1,
        null,
        null,
        null
      ],
      "/home/lisa/Projects/CoEditPDF-api/app/services/add_collaborator_to_pdf.rb": [
        null,
        null,
        1,
        null,
        1,
        null,
        1,
        1,
        1,
        null,
        null,
        null,
        1,
        4,
        4,
        4,
        null,
        null,
        null,
        4,
        null,
        2,
        2,
        null,
        null,
        null
      ],
      "/home/lisa/Projects/CoEditPDF-api/app/services/authenticate_account.rb": [
        null,
        null,
        1,
        null,
        1,
        null,
        1,
        1,
        2,
        null,
        null,
        1,
        1,
        null,
        null,
        null,
        1,
        18,
        18,
        1,
        null,
        null,
        17,
        null,
        1,
        null,
        null,
        1,
        null,
        17,
        null,
        null,
        null,
        null,
        null,
        null,
        null,
        null
      ],
      "/home/lisa/Projects/CoEditPDF-api/app/controllers/helpers.rb": [
        null,
        null,
        1,
        null,
        1,
        1,
        26,
        null,
        null,
        1,
        26,
        null,
        11,
        11,
        null,
        11,
        11,
        null,
        11,
        null,
        null,
        null,
        null
      ],
      "/home/lisa/Projects/CoEditPDF-api/app/controllers/accounts.rb": [
        null,
        null,
        1,
        1,
        null,
        1,
        null,
        1,
        1,
        6,
        6,
        3,
        null,
        null,
        1,
        1,
        null,
        null,
        null,
        1,
        null,
        0,
        null,
        0,
        0,
        null,
        null,
        null,
        null,
        3,
        3,
        2,
        null,
        1,
        1,
        1,
        null,
        1,
        null,
        1,
        null,
        0,
        0,
        null,
        null,
        null,
        null
      ],
      "/home/lisa/Projects/CoEditPDF-api/app/controllers/app.rb": [
        null,
        null,
        1,
        1,
        1,
        null,
        1,
        null,
        1,
        1,
        1,
        1,
        1,
        1,
        null,
        1,
        null,
        1,
        26,
        26,
        null,
        null,
        null,
        26,
        26,
        null,
        0,
        null,
        0,
        null,
        null,
        26,
        1,
        null,
        null,
        25,
        25,
        25,
        25,
        null,
        null,
        null,
        null,
        null
      ],
      "/home/lisa/Projects/CoEditPDF-api/app/controllers/auth.rb": [
        null,
        null,
        1,
        1,
        null,
        1,
        null,
        1,
        1,
        null,
        null,
        4,
        null,
        0,
        null,
        null,
        4,
        null,
        0,
        0,
        0,
        0,
        null,
        0,
        null,
        0,
        0,
        0,
        null,
        null,
        null,
        4,
        null,
        2,
        2,
        1,
        null,
        1,
        1,
        null,
        null,
        null,
        null,
        2,
        2,
        null,
        null,
        2,
        null,
        0,
        0,
        0,
        null,
        null,
        null,
        null
      ],
      "/home/lisa/Projects/CoEditPDF-api/app/controllers/pdf.rb": [
        null,
        null,
        1,
        null,
        null,
        1,
        null,
        1,
        1,
        15,
        null,
        10,
        10,
        7,
        null,
        4,
        2,
        null,
        2,
        null,
        null,
        null,
        null,
        null,
        1,
        null,
        1,
        null,
        0,
        null,
        null,
        null,
        2,
        2,
        2,
        null,
        null,
        null,
        null,
        null,
        1,
        null,
        null,
        1,
        null,
        0,
        null,
        null,
        null,
        3,
        null,
        0,
        0,
        0,
        null,
        null,
        null,
        null,
        null,
        0,
        null,
        null,
        null,
        null,
        null,
        3,
        2,
        2,
        null,
        null,
        null,
        1,
        null,
        0,
        null,
        1,
        null,
        0,
        0,
        null,
        null,
        null,
        1,
        1,
        1,
        null,
        null,
        null,
        1,
        null,
        null,
        0,
        null,
        0,
        null,
        null,
        null,
        null,
        3,
        1,
        null,
        1,
        null,
        0,
        null,
        null,
        null,
        null,
        2,
        2,
        2,
        null,
        null,
        null,
        null,
        1,
        null,
        1,
        1,
        1,
        null,
        1,
        null,
        0,
        0,
        null,
        null,
        null,
        null,
        null
      ],
      "/home/lisa/Projects/CoEditPDF-api/specs/integration/api_auth_spec.rb": [
        null,
        null,
        1,
        1,
        null,
        1,
        1,
        null,
        1,
        4,
        4,
        null,
        null,
        1,
        1,
        2,
        2,
        null,
        null,
        1,
        1,
        null,
        1,
        null,
        null,
        null,
        1,
        1,
        1,
        1,
        1,
        1,
        null,
        null,
        1,
        1,
        null,
        null,
        1,
        1,
        null,
        null,
        null,
        null,
        1,
        null,
        1,
        1,
        1,
        null,
        null,
        null,
        1,
        1,
        2,
        2,
        null,
        null,
        null,
        null,
        null,
        1,
        2,
        null,
        null,
        1,
        1,
        null,
        1,
        null,
        null,
        null,
        1,
        1,
        null,
        1,
        1,
        1,
        1,
        null,
        null,
        1,
        1,
        null,
        null,
        null,
        null,
        1,
        1,
        null,
        null,
        null,
        1,
        1,
        null,
        1,
        1,
        1,
        1,
        null,
        null,
        null
      ],
      "/home/lisa/Projects/CoEditPDF-api/specs/integration/api_collaborators_spec.rb": [
        null,
        null,
        1,
        null,
        1,
        1,
        null,
        1,
        6,
        null,
        6,
        6,
        6,
        null,
        6,
        6,
        6,
        null,
        6,
        null,
        6,
        null,
        null,
        1,
        1,
        1,
        null,
        1,
        1,
        null,
        1,
        null,
        1,
        1,
        null,
        null,
        1,
        1,
        null,
        1,
        1,
        null,
        1,
        1,
        null,
        null,
        1,
        1,
        null,
        1,
        1,
        1,
        null,
        1,
        1,
        null,
        null,
        null,
        1,
        1,
        1,
        1,
        null,
        1,
        1,
        null,
        1,
        null,
        null,
        1,
        1,
        1,
        null,
        1,
        null,
        1,
        null,
        null,
        1,
        1,
        null,
        1,
        1,
        null,
        1,
        null,
        null,
        null
      ],
      "/home/lisa/Projects/CoEditPDF-api/specs/integration/api_pdfs_spec.rb": [
        null,
        null,
        1,
        null,
        1,
        1,
        null,
        1,
        9,
        null,
        9,
        9,
        null,
        9,
        9,
        null,
        9,
        null,
        null,
        1,
        1,
        4,
        4,
        null,
        null,
        1,
        1,
        1,
        1,
        null,
        1,
        null,
        1,
        1,
        1,
        null,
        null,
        1,
        1,
        1,
        null,
        1,
        1,
        null,
        null,
        1,
        1,
        null,
        1,
        1,
        1,
        null,
        1,
        1,
        1,
        null,
        null,
        1,
        1,
        1,
        null,
        1,
        null,
        null,
        null,
        1,
        1,
        3,
        null,
        null,
        1,
        1,
        1,
        null,
        1,
        1,
        null,
        1,
        1,
        null,
        1,
        1,
        null,
        null,
        1,
        1,
        null,
        1,
        null,
        1,
        1,
        1,
        null,
        null,
        1,
        1,
        1,
        null,
        1,
        1,
        null,
        1,
        1,
        null,
        null,
        null,
        1,
        1,
        2,
        null,
        null,
        1,
        1,
        1,
        null,
        1,
        null,
        1,
        null,
        1,
        null,
        null,
        1,
        1,
        null,
        1,
        null,
        1,
        1,
        null,
        null,
        null
      ],
      "/home/lisa/Projects/CoEditPDF-api/specs/integration/api_spec.rb": [
        null,
        null,
        1,
        null,
        1,
        1,
        1,
        1,
        1,
        null,
        null,
        null
      ],
      "/home/lisa/Projects/CoEditPDF-api/specs/integration/service_add_collaborator_spec.rb": [
        null,
        null,
        1,
        null,
        1,
        1,
        2,
        null,
        2,
        6,
        null,
        null,
        2,
        null,
        2,
        2,
        2,
        2,
        2,
        null,
        null,
        1,
        1,
        null,
        null,
        null,
        null,
        null,
        1,
        1,
        null,
        null,
        1,
        1,
        1,
        null,
        null,
        null,
        null,
        null,
        null,
        null
      ],
      "/home/lisa/Projects/CoEditPDF-api/specs/unit/accounts_spec.rb": [
        null,
        null,
        1,
        null,
        1,
        1,
        null,
        1,
        3,
        null,
        3,
        9,
        null,
        null,
        null,
        1,
        1,
        1,
        null,
        1,
        1,
        null,
        null,
        1,
        1,
        null,
        1,
        2,
        null,
        null,
        1,
        1,
        1,
        null,
        1,
        null,
        null
      ],
      "/home/lisa/Projects/CoEditPDF-api/specs/unit/auth_scope_spec.rb": [
        null,
        null,
        1,
        null,
        1,
        1,
        null,
        1,
        1,
        1,
        1,
        1,
        1,
        null,
        null,
        1,
        1,
        1,
        1,
        1,
        1,
        null,
        null,
        1,
        1,
        1,
        1,
        1,
        1,
        1,
        1,
        null,
        null
      ],
      "/home/lisa/Projects/CoEditPDF-api/specs/unit/auth_token_spec.rb": [
        null,
        null,
        1,
        null,
        1,
        1,
        3,
        null,
        null,
        1,
        1,
        1,
        null,
        1,
        null,
        null,
        1,
        1,
        1,
        1,
        null,
        null,
        null,
        1,
        1,
        1,
        null,
        null,
        null
      ],
      "/home/lisa/Projects/CoEditPDF-api/specs/unit/passwords_spec.rb": [
        null,
        null,
        1,
        null,
        1,
        1,
        1,
        1,
        null,
        1,
        null,
        null,
        1,
        1,
        1,
        null,
        1,
        1,
        null,
        null,
        1,
        1,
        1,
        1,
        null,
        1,
        1,
        null,
        null
      ],
      "/home/lisa/Projects/CoEditPDF-api/specs/unit/pdfs_spec.rb": [
        null,
        null,
        1,
        null,
        1,
        1,
        null,
        1,
        3,
        null,
        3,
        9,
        null,
        null,
        null,
        1,
        1,
        1,
        1,
        1,
        null,
        null,
        null,
        1,
        1,
        null,
        null,
        1,
        1,
        1,
        1,
        1,
        null,
        null,
        null,
        1,
        2,
        null,
        null,
        1,
        1,
        1,
        1,
        1,
        null,
        null,
        1,
        null,
        1,
        null,
        null
      ]
    },
    "timestamp": 1561281743
  }
}
