{
  "RSpec": {
    "coverage": {
      "/home/cheupei/Desktop/SS/CoEditPDF-api/specs/test_load_all.rb": [
        null,
        null,
        null,
        1,
        1,
        null,
        1,
        1,
        null,
        1,
        29,
        null
      ],
      "/home/cheupei/Desktop/SS/CoEditPDF-api/require_app.rb": [
        null,
        null,
        null,
        null,
        null,
        null,
        null,
        null,
        null,
        1,
        8,
        2,
        2,
        34,
        null,
        null
      ],
      "/home/cheupei/Desktop/SS/CoEditPDF-api/config/environments.rb": [
        null,
        null,
        1,
        1,
        1,
        null,
        1,
        null,
        1,
        1,
        null,
        1,
        1,
        1,
        null,
        1,
        1,
        null,
        null,
        1,
        0,
        null,
        null,
        null,
        1,
        1,
        null,
        null,
        1,
        null,
        null,
        null,
        1,
        1,
        1,
        null,
        1,
        2,
        null,
        null,
        1,
        1,
        null,
        null,
        null
      ],
      "/home/cheupei/Desktop/SS/CoEditPDF-api/app/lib/secure_db.rb": [
        null,
        null,
        1,
        1,
        null,
        null,
        1,
        1,
        1,
        null,
        null,
        1,
        92,
        null,
        92,
        92,
        null,
        null,
        null,
        1,
        51,
        null,
        46,
        46,
        null,
        null,
        1,
        100,
        null,
        null
      ],
      "/home/cheupei/Desktop/SS/CoEditPDF-api/app/lib/securable.rb": [
        null,
        null,
        1,
        1,
        1,
        null,
        null,
        1,
        null,
        1,
        0,
        0,
        null,
        null,
        null,
        1,
        0,
        null,
        null,
        null,
        1,
        2,
        2,
        null,
        null,
        1,
        167,
        null,
        null,
        1,
        100,
        null,
        null,
        null,
        1,
        108,
        108,
        null,
        null,
        null,
        1,
        59,
        59,
        null,
        null,
        1,
        100,
        100,
        null,
        null
      ],
      "/home/cheupei/Desktop/SS/CoEditPDF-api/app/lib/key_stretch.rb": [
        null,
        null,
        1,
        1,
        null,
        null,
        1,
        1,
        68,
        null,
        null,
        null,
        null,
        1,
        185,
        185,
        185,
        185,
        null,
        null,
        null,
        null,
        null,
        null,
        null,
        null
      ],
      "/home/cheupei/Desktop/SS/CoEditPDF-api/app/lib/auth_token.rb": [
        null,
        null,
        1,
        1,
        null,
        null,
        1,
        1,
        null,
        1,
        1,
        1,
        1,
        1,
        null,
        1,
        1,
        null,
        null,
        1,
        16,
        16,
        null,
        null,
        null,
        1,
        14,
        13,
        null,
        null,
        null,
        1,
        16,
        null,
        16,
        16,
        16,
        null,
        null,
        null,
        1,
        14,
        null,
        14,
        13,
        13,
        null,
        1,
        null,
        null,
        null,
        1,
        16,
        null,
        null,
        1,
        13,
        null,
        0,
        null,
        null
      ],
      "/home/cheupei/Desktop/SS/CoEditPDF-api/app/lib/json_request_body.rb": [
        null,
        null,
        null,
        1,
        1,
        4,
        10,
        null,
        null
      ],
      "/home/cheupei/Desktop/SS/CoEditPDF-api/app/lib/pdf_manipulation.rb": [
        null,
        null,
        1,
        null,
        null,
        1,
        1,
        0,
        0,
        0,
        0,
        null,
        null,
        1,
        0,
        0,
        0,
        0,
        0,
        0,
        null,
        null,
        1,
        0,
        0,
        0,
        null,
        null
      ],
      "/home/cheupei/Desktop/SS/CoEditPDF-api/app/models/account.rb": [
        null,
        null,
        1,
        1,
        1,
        null,
        1,
        null,
        1,
        1,
        1,
        73,
        71,
        0,
        0,
        null,
        null,
        73,
        null,
        null,
        1,
        42,
        42,
        32,
        8,
        8,
        null,
        32,
        null,
        42,
        null,
        null,
        null,
        1,
        null,
        1,
        null,
        null,
        null,
        null,
        1,
        null,
        null,
        null,
        1,
        1,
        1,
        1,
        null,
        1,
        1,
        null,
        null,
        null,
        null,
        1,
        65,
        null,
        null,
        1,
        15,
        15,
        null,
        null,
        1,
        35,
        null,
        null,
        1,
        69,
        69,
        null,
        null,
        1,
        24,
        null,
        null,
        null,
        null,
        null,
        null,
        null,
        null,
        null,
        null,
        null,
        null
      ],
      "/home/cheupei/Desktop/SS/CoEditPDF-api/app/models/password.rb": [
        null,
        null,
        1,
        1,
        null,
        1,
        null,
        1,
        1,
        null,
        1,
        85,
        85,
        null,
        null,
        1,
        17,
        17,
        null,
        null,
        1,
        68,
        null,
        null,
        null,
        null,
        1,
        null,
        1,
        68,
        68,
        68,
        null,
        null,
        1,
        17,
        17,
        17,
        17,
        null,
        null,
        null
      ],
      "/home/cheupei/Desktop/SS/CoEditPDF-api/app/models/pdf.rb": [
        null,
        null,
        1,
        1,
        null,
        1,
        null,
        1,
        1,
        1,
        93,
        24,
        0,
        0,
        null,
        null,
        93,
        null,
        null,
        1,
        12,
        12,
        10,
        0,
        0,
        null,
        10,
        null,
        12,
        null,
        null,
        null,
        1,
        null,
        1,
        null,
        null,
        null,
        null,
        1,
        null,
        null,
        1,
        1,
        1,
        1,
        null,
        null,
        1,
        11,
        null,
        null,
        1,
        23,
        23,
        null,
        null,
        1,
        5,
        null,
        null,
        1,
        0,
        null,
        null,
        1,
        null,
        5,
        null,
        null,
        null,
        5,
        null,
        null,
        null,
        null,
        1,
        3,
        null,
        null,
        null,
        null,
        null,
        null,
        null,
        1,
        2,
        null,
        null,
        null
      ],
      "/home/cheupei/Desktop/SS/CoEditPDF-api/app/policies/pdf_scope.rb": [
        null,
        null,
        1,
        null,
        1,
        null,
        1,
        1,
        1,
        1,
        1,
        1,
        null,
        null,
        1,
        1,
        1,
        null,
        0,
        0,
        null,
        null,
        null,
        null,
        1,
        null,
        1,
        1,
        1,
        null,
        null,
        null,
        1,
        0,
        null,
        null,
        null,
        null,
        null,
        1,
        null,
        null,
        null,
        null,
        null,
        null,
        1,
        2,
        2,
        null,
        null,
        null,
        1,
        0,
        null,
        null,
        null,
        null
      ],
      "/home/cheupei/Desktop/SS/CoEditPDF-api/app/policies/collaboration_request_policy.rb": [
        null,
        null,
        1,
        null,
        1,
        1,
        6,
        6,
        6,
        6,
        6,
        null,
        null,
        1,
        4,
        null,
        null,
        1,
        2,
        null,
        null,
        1,
        null,
        1,
        2,
        null,
        null,
        null
      ],
      "/home/cheupei/Desktop/SS/CoEditPDF-api/app/policies/pdf_policy.rb": [
        null,
        null,
        1,
        null,
        1,
        1,
        15,
        15,
        null,
        null,
        1,
        3,
        null,
        null,
        null,
        1,
        2,
        null,
        null,
        1,
        3,
        null,
        null,
        1,
        2,
        null,
        null,
        1,
        2,
        null,
        null,
        1,
        2,
        null,
        null,
        1,
        6,
        null,
        null,
        1,
        4,
        null,
        null,
        1,
        6,
        null,
        null,
        1,
        null,
        2,
        null,
        null,
        null,
        null,
        null,
        null,
        null,
        null,
        null,
        null,
        null,
        1,
        null,
        1,
        28,
        null,
        null,
        1,
        4,
        null,
        null,
        null
      ],
      "/home/cheupei/Desktop/SS/CoEditPDF-api/app/services/delete_pdf.rb": [
        null,
        null,
        1,
        null,
        1,
        null,
        1,
        1,
        0,
        null,
        null,
        null,
        1,
        1,
        1,
        null,
        1,
        null,
        null,
        null
      ],
      "/home/cheupei/Desktop/SS/CoEditPDF-api/app/services/get_pdf_query.rb": [
        null,
        null,
        1,
        null,
        1,
        null,
        1,
        1,
        0,
        null,
        null,
        null,
        null,
        1,
        1,
        1,
        null,
        null,
        null,
        1,
        2,
        null,
        1,
        1,
        null,
        1,
        null,
        null,
        null
      ],
      "/home/cheupei/Desktop/SS/CoEditPDF-api/app/services/verify_registration.rb": [
        null,
        null,
        1,
        null,
        1,
        null,
        1,
        null,
        1,
        null,
        1,
        0,
        0,
        null,
        null,
        1,
        0,
        0,
        null,
        0,
        null,
        null,
        1,
        0,
        null,
        null,
        1,
        0,
        null,
        null,
        1,
        0,
        null,
        0,
        null,
        null,
        null,
        null,
        null,
        null,
        null,
        1,
        0,
        null,
        null,
        null,
        null,
        null,
        null,
        null,
        null,
        null,
        null,
        null,
        null,
        null,
        null,
        null,
        null,
        0,
        0,
        null,
        null,
        null,
        null,
        null
      ],
      "/home/cheupei/Desktop/SS/CoEditPDF-api/app/services/remove_collaborator.rb": [
        null,
        null,
        1,
        null,
        1,
        null,
        1,
        1,
        1,
        null,
        null,
        null,
        1,
        2,
        2,
        null,
        2,
        2,
        null,
        1,
        1,
        null,
        null,
        null
      ],
      "/home/cheupei/Desktop/SS/CoEditPDF-api/app/services/put_pdf.rb": [
        null,
        null,
        1,
        1,
        null,
        1,
        null,
        1,
        null,
        1,
        1,
        0,
        null,
        null,
        null,
        1,
        0,
        0,
        0,
        null,
        0,
        null,
        null,
        null,
        null,
        0,
        0,
        null,
        null,
        null
      ],
      "/home/cheupei/Desktop/SS/CoEditPDF-api/app/services/add_collaborator_to_pdf.rb": [
        null,
        null,
        1,
        null,
        1,
        null,
        1,
        1,
        1,
        null,
        null,
        null,
        1,
        4,
        4,
        4,
        null,
        4,
        null,
        2,
        2,
        null,
        null,
        null
      ],
      "/home/cheupei/Desktop/SS/CoEditPDF-api/app/services/create_pdf_for_account.rb": [
        null,
        null,
        1,
        null,
        1,
        1,
        7,
        null,
        null,
        null
      ],
      "/home/cheupei/Desktop/SS/CoEditPDF-api/app/services/authenticate_account.rb": [
        null,
        null,
        1,
        null,
        1,
        null,
        1,
        1,
        2,
        null,
        null,
        1,
        1,
        null,
        null,
        null,
        1,
        13,
        13,
        1,
        null,
        null,
        12,
        null,
        1,
        null,
        null,
        1,
        null,
        12,
        null,
        null,
        null,
        null,
        null,
        null,
        null,
        null
      ],
      "/home/cheupei/Desktop/SS/CoEditPDF-api/app/services/authorize_sso.rb": [
        null,
        null,
        1,
        null,
        1,
        null,
        1,
        1,
        2,
        null,
        null,
        1,
        2,
        2,
        null,
        2,
        null,
        null,
        1,
        2,
        null,
        null,
        null,
        null,
        2,
        null,
        2,
        2,
        null,
        null,
        1,
        2,
        null,
        null,
        null,
        1,
        null,
        2,
        null,
        null,
        null,
        null,
        null,
        null,
        null,
        null,
        1,
        1,
        2,
        null,
        null,
        1,
        2,
        null,
        null,
        1,
        2,
        null,
        null,
        null,
        null
      ],
      "/home/cheupei/Desktop/SS/CoEditPDF-api/app/controllers/app.rb": [
        null,
        null,
        1,
        1,
        1,
        null,
        1,
        null,
        1,
        1,
        1,
        1,
        1,
        1,
        null,
        1,
        25,
        25,
        null,
        null,
        null,
        25,
        null,
        0,
        null,
        0,
        null,
        null,
        25,
        1,
        null,
        null,
        24,
        24,
        24,
        24,
        null,
        null,
        null,
        null,
        null
      ],
      "/home/cheupei/Desktop/SS/CoEditPDF-api/app/controllers/helpers.rb": [
        null,
        null,
        1,
        null,
        1,
        1,
        25,
        null,
        null,
        null,
        1,
        25,
        null,
        11,
        11,
        null,
        11,
        11,
        null,
        null,
        null
      ],
      "/home/cheupei/Desktop/SS/CoEditPDF-api/app/controllers/auth.rb": [
        null,
        null,
        1,
        1,
        null,
        1,
        null,
        1,
        1,
        4,
        null,
        0,
        0,
        0,
        null,
        0,
        0,
        null,
        0,
        null,
        0,
        0,
        0,
        null,
        null,
        null,
        4,
        null,
        2,
        2,
        2,
        1,
        null,
        1,
        1,
        null,
        null,
        null,
        null,
        2,
        2,
        null,
        null,
        2,
        null,
        2,
        null,
        0,
        0,
        0,
        null,
        null,
        null,
        null
      ],
      "/home/cheupei/Desktop/SS/CoEditPDF-api/app/controllers/pdf.rb": [
        null,
        null,
        1,
        null,
        null,
        1,
        null,
        1,
        1,
        15,
        15,
        null,
        10,
        10,
        7,
        null,
        4,
        2,
        null,
        2,
        null,
        null,
        null,
        null,
        1,
        null,
        1,
        null,
        0,
        null,
        null,
        null,
        2,
        2,
        2,
        null,
        null,
        null,
        null,
        1,
        null,
        null,
        1,
        null,
        0,
        null,
        null,
        null,
        3,
        0,
        0,
        0,
        null,
        null,
        null,
        null,
        null,
        0,
        null,
        null,
        null,
        null,
        null,
        3,
        2,
        2,
        null,
        null,
        null,
        1,
        null,
        0,
        null,
        1,
        null,
        0,
        0,
        null,
        null,
        null,
        1,
        1,
        1,
        null,
        null,
        null,
        1,
        null,
        null,
        0,
        null,
        0,
        null,
        null,
        null,
        null,
        3,
        1,
        null,
        1,
        null,
        0,
        null,
        null,
        null,
        null,
        2,
        2,
        2,
        null,
        null,
        null,
        null,
        1,
        null,
        1,
        1,
        1,
        null,
        1,
        null,
        0,
        0,
        null,
        null,
        null,
        null,
        null
      ],
      "/home/cheupei/Desktop/SS/CoEditPDF-api/app/controllers/accounts.rb": [
        null,
        null,
        1,
        1,
        null,
        1,
        null,
        1,
        1,
        null,
        1,
        5,
        null,
        5,
        null,
        null,
        3,
        null,
        3,
        null,
        3,
        null,
        2,
        null,
        null,
        null,
        null,
        2,
        2,
        2,
        1,
        null,
        1,
        null,
        1,
        1,
        null,
        1,
        null,
        0,
        0,
        null,
        null,
        null,
        null
      ],
      "/home/cheupei/Desktop/SS/CoEditPDF-api/specs/integration/api_auth_spec.rb": [
        null,
        null,
        1,
        1,
        null,
        1,
        1,
        null,
        1,
        4,
        4,
        null,
        null,
        1,
        1,
        2,
        2,
        null,
        null,
        1,
        1,
        null,
        1,
        null,
        1,
        1,
        1,
        1,
        1,
        1,
        null,
        null,
        1,
        1,
        null,
        null,
        1,
        1,
        null,
        null,
        1,
        null,
        1,
        1,
        1,
        null,
        null,
        null,
        1,
        1,
        2,
        2,
        null,
        null,
        null,
        null,
        null,
        1,
        2,
        null,
        null,
        1,
        1,
        null,
        1,
        null,
        1,
        1,
        null,
        1,
        1,
        1,
        1,
        null,
        null,
        1,
        1,
        null,
        null,
        null,
        null,
        1,
        1,
        null,
        1,
        1,
        null,
        1,
        1,
        1,
        1,
        null,
        null,
        null
      ],
      "/home/cheupei/Desktop/SS/CoEditPDF-api/specs/integration/api_collaborators_spec.rb": [
        null,
        null,
        1,
        null,
        1,
        1,
        null,
        1,
        6,
        null,
        6,
        6,
        6,
        null,
        6,
        6,
        6,
        null,
        6,
        null,
        6,
        null,
        null,
        1,
        1,
        1,
        null,
        1,
        1,
        null,
        1,
        null,
        1,
        1,
        null,
        null,
        1,
        1,
        null,
        1,
        1,
        null,
        1,
        1,
        null,
        null,
        1,
        1,
        null,
        1,
        1,
        1,
        null,
        1,
        1,
        null,
        null,
        null,
        1,
        1,
        1,
        1,
        null,
        1,
        1,
        null,
        1,
        null,
        null,
        1,
        1,
        1,
        null,
        1,
        null,
        1,
        null,
        null,
        1,
        1,
        null,
        1,
        1,
        null,
        1,
        null,
        null,
        null
      ],
      "/home/cheupei/Desktop/SS/CoEditPDF-api/specs/integration/api_pdfs_spec.rb": [
        null,
        null,
        1,
        null,
        1,
        1,
        null,
        1,
        9,
        null,
        9,
        9,
        null,
        9,
        9,
        null,
        9,
        null,
        null,
        1,
        1,
        4,
        4,
        null,
        null,
        1,
        1,
        1,
        1,
        null,
        1,
        null,
        1,
        1,
        1,
        null,
        null,
        1,
        1,
        1,
        null,
        1,
        1,
        null,
        null,
        1,
        1,
        null,
        1,
        1,
        1,
        null,
        1,
        1,
        1,
        null,
        null,
        1,
        1,
        1,
        null,
        1,
        null,
        null,
        null,
        1,
        1,
        3,
        null,
        null,
        1,
        1,
        1,
        null,
        1,
        1,
        null,
        1,
        1,
        null,
        1,
        1,
        null,
        null,
        1,
        1,
        null,
        1,
        null,
        1,
        1,
        1,
        null,
        null,
        1,
        1,
        1,
        null,
        1,
        1,
        null,
        1,
        1,
        null,
        null,
        null,
        1,
        1,
        2,
        null,
        null,
        1,
        1,
        1,
        null,
        1,
        null,
        1,
        null,
        1,
        null,
        null,
        1,
        1,
        null,
        1,
        null,
        1,
        1,
        null,
        null,
        null
      ],
      "/home/cheupei/Desktop/SS/CoEditPDF-api/specs/integration/api_spec.rb": [
        null,
        null,
        1,
        null,
        1,
        1,
        1,
        1,
        1,
        null,
        null,
        null
      ],
      "/home/cheupei/Desktop/SS/CoEditPDF-api/specs/integration/service_add_collaborator_spec.rb": [
        null,
        null,
        1,
        null,
        1,
        1,
        2,
        null,
        2,
        6,
        null,
        null,
        2,
        null,
        2,
        2,
        2,
        null,
        null,
        null,
        null,
        1,
        1,
        null,
        null,
        null,
        null,
        1,
        1,
        null,
        null,
        1,
        1,
        1,
        null,
        null,
        null,
        null,
        null,
        null
      ],
      "/home/cheupei/Desktop/SS/CoEditPDF-api/specs/unit/accounts_spec.rb": [
        null,
        null,
        1,
        null,
        1,
        1,
        null,
        1,
        3,
        null,
        3,
        9,
        null,
        null,
        null,
        1,
        1,
        1,
        null,
        1,
        1,
        null,
        null,
        1,
        1,
        null,
        1,
        2,
        null,
        null,
        1,
        1,
        1,
        null,
        1,
        null,
        null
      ],
      "/home/cheupei/Desktop/SS/CoEditPDF-api/specs/unit/auth_token_spec.rb": [
        null,
        null,
        1,
        null,
        1,
        1,
        3,
        null,
        null,
        1,
        1,
        1,
        null,
        1,
        null,
        null,
        1,
        1,
        1,
        1,
        null,
        null,
        null,
        1,
        1,
        1,
        null,
        null,
        null
      ],
      "/home/cheupei/Desktop/SS/CoEditPDF-api/specs/unit/passwords_spec.rb": [
        null,
        null,
        1,
        null,
        1,
        1,
        1,
        1,
        null,
        1,
        null,
        null,
        1,
        1,
        1,
        null,
        1,
        1,
        null,
        null,
        1,
        1,
        1,
        1,
        null,
        1,
        1,
        null,
        null
      ],
      "/home/cheupei/Desktop/SS/CoEditPDF-api/specs/unit/pdfs_spec.rb": [
        null,
        null,
        1,
        null,
        1,
        1,
        null,
        1,
        3,
        null,
        3,
        9,
        null,
        null,
        null,
        1,
        1,
        1,
        1,
        null,
        null,
        null,
        1,
        1,
        null,
        null,
        1,
        1,
        1,
        1,
        null,
        null,
        null,
        1,
        2,
        null,
        null,
        1,
        1,
        1,
        1,
        null,
        null,
        1,
        null,
        1,
        null,
        null
      ]
    },
    "timestamp": 1561124054
  }
}
